base
base-devel
linux
linux-firmware
btrfs-progs
coreutils
snapper-support
btrfs-assistant
grub
efibootmgr
polkit
sudo
networkmanager
openssh
cockpit
wget
git
git-delta
devtools
ninja
python-srcinfo
vim
nano
vifm
bat
pacman-contrib
pacutils
yay
chaotic-keyring
chaotic-mirrorlist
reflector
man
firefox
gvfs
xdg-utils
ttf-dejavu
ttf-liberation
noto-fonts
ansible
stow
make
util-linux
gpart
udisks2
cockpit-storaged
xfsprogs
f2fs-tools
jfsutils
nilfs-utils
ntfs-3g
dosfstools
mtools
exfatprogs
hfsutils
hfsprogs
udftools
lvm2
cryptsetup
go
rust
lightdm
numlockx
rsync
pkgfile
xdg-user-dirs
xf86-video-dummy